[28-Jul-2024 00:24:03 UTC] PHP Fatal error:  Uncaught Error: Non-static method Customer::delete() cannot be called statically in /var/www/html/teymsas/app/api/controllers/CustomerController.php:160
Stack trace:
#0 /var/www/html/teymsas/app/api/ApiRoutes.php(61): CustomerController->delete()
#1 /var/www/html/teymsas/app/core/Router.php(84): {closure}()
#2 /var/www/html/teymsas/index.php(39): Router->dispatchRoute()
#3 {main}
  thrown in /var/www/html/teymsas/app/api/controllers/CustomerController.php on line 160
[28-Jul-2024 01:50:10 UTC] PHP Fatal error:  Uncaught Error: Class "DepartmentController" not found in /var/www/html/teymsas/app/core/Router.php:75
Stack trace:
#0 /var/www/html/teymsas/index.php(39): Router->dispatchRoute()
#1 {main}
  thrown in /var/www/html/teymsas/app/core/Router.php on line 75
[28-Jul-2024 01:52:54 UTC] PHP Fatal error:  Uncaught Error: Class "DepartmentController" not found in /var/www/html/teymsas/app/core/Router.php:75
Stack trace:
#0 /var/www/html/teymsas/index.php(39): Router->dispatchRoute()
#1 {main}
  thrown in /var/www/html/teymsas/app/core/Router.php on line 75
[28-Jul-2024 18:59:13 UTC] PHP Fatal error:  Uncaught Error: Class "PaymentMethodController" not found in /var/www/html/teymsas/app/core/Router.php:75
Stack trace:
#0 /var/www/html/teymsas/index.php(39): Router->dispatchRoute()
#1 {main}
  thrown in /var/www/html/teymsas/app/core/Router.php on line 75
[01-Aug-2024 20:25:06 UTC] PHP Warning:  Undefined array key "REDIRECT_URL" in /var/www/html/teymsas/index.php on line 13
[01-Aug-2024 20:25:06 UTC] PHP Warning:  Undefined array key 0 in /var/www/html/teymsas/index.php on line 26
[01-Aug-2024 20:26:40 UTC] PHP Warning:  Undefined array key "REDIRECT_URL" in /var/www/html/teymsas/index.php on line 13
[01-Aug-2024 20:26:40 UTC] PHP Warning:  Undefined array key 0 in /var/www/html/teymsas/index.php on line 26
[06-Aug-2024 23:49:10 UTC] PHP Warning:  Undefined array key "REDIRECT_URL" in /var/www/html/teymsas/index.php on line 13
[06-Aug-2024 23:49:10 UTC] PHP Warning:  Undefined array key 0 in /var/www/html/teymsas/index.php on line 26
[06-Aug-2024 23:49:21 UTC] PHP Warning:  Undefined array key "REDIRECT_URL" in /var/www/html/teymsas/index.php on line 13
[06-Aug-2024 23:49:21 UTC] PHP Warning:  Undefined array key 0 in /var/www/html/teymsas/index.php on line 26
[07-Aug-2024 00:05:10 UTC] PHP Warning:  Undefined array key "REDIRECT_URL" in /var/www/html/teymsas/index.php on line 13
[07-Aug-2024 00:05:10 UTC] PHP Warning:  Undefined array key 0 in /var/www/html/teymsas/index.php on line 26
[07-Aug-2024 00:30:26 UTC] PHP Warning:  Undefined array key "REDIRECT_URL" in /var/www/html/teymsas/index.php on line 13
[07-Aug-2024 00:34:44 UTC] PHP Warning:  Undefined array key "REDIRECT_URL" in /var/www/html/teymsas/index.php on line 13
[07-Aug-2024 00:40:35 UTC] PHP Warning:  Undefined array key "REDIRECT_URL" in /var/www/html/teymsas/index.php on line 13
[07-Aug-2024 00:40:35 UTC] PHP Warning:  Undefined array key 0 in /var/www/html/teymsas/index.php on line 26
[07-Aug-2024 17:28:33 UTC] PHP Warning:  Undefined array key "REDIRECT_URL" in /var/www/html/teymsas/index.php on line 13
[07-Aug-2024 17:28:33 UTC] PHP Warning:  Undefined array key "REDIRECT_URL" in /var/www/html/teymsas/index.php on line 14
[12-Aug-2024 03:37:39 Europe/Berlin] PHP Fatal error:  Uncaught Error: Class "ProductController" not found in C:\xampp\htdocs\teymsas\app\core\Router.php:75
Stack trace:
#0 C:\xampp\htdocs\teymsas\index.php(42): Router->dispatchRoute('/api/v1/product...', 'GET')
#1 {main}
  thrown in C:\xampp\htdocs\teymsas\app\core\Router.php on line 75
[12-Aug-2024 03:37:51 Europe/Berlin] PHP Fatal error:  Uncaught Error: Class "ProductController" not found in C:\xampp\htdocs\teymsas\app\core\Router.php:75
Stack trace:
#0 C:\xampp\htdocs\teymsas\index.php(42): Router->dispatchRoute('/api/v1/product...', 'POST')
#1 {main}
  thrown in C:\xampp\htdocs\teymsas\app\core\Router.php on line 75
[12-Aug-2024 03:38:03 Europe/Berlin] PHP Fatal error:  Uncaught Error: Class "ProductController" not found in C:\xampp\htdocs\teymsas\app\core\Router.php:75
Stack trace:
#0 C:\xampp\htdocs\teymsas\index.php(42): Router->dispatchRoute('/api/v1/product...', 'POST')
#1 {main}
  thrown in C:\xampp\htdocs\teymsas\app\core\Router.php on line 75
[12-Aug-2024 03:39:06 Europe/Berlin] PHP Fatal error:  Uncaught Error: Class "ProductController" not found in C:\xampp\htdocs\teymsas\app\core\Router.php:75
Stack trace:
#0 C:\xampp\htdocs\teymsas\index.php(42): Router->dispatchRoute('/api/v1/product...', 'GET')
#1 {main}
  thrown in C:\xampp\htdocs\teymsas\app\core\Router.php on line 75
[12-Aug-2024 03:39:47 Europe/Berlin] PHP Fatal error:  Uncaught Error: Class "ProductController" not found in C:\xampp\htdocs\teymsas\app\core\Router.php:75
Stack trace:
#0 C:\xampp\htdocs\teymsas\index.php(42): Router->dispatchRoute('/api/v1/product...', 'GET')
#1 {main}
  thrown in C:\xampp\htdocs\teymsas\app\core\Router.php on line 75
[12-Aug-2024 03:40:59 Europe/Berlin] PHP Fatal error:  Uncaught Error: Class "ProductController" not found in C:\xampp\htdocs\teymsas\app\core\Router.php:75
Stack trace:
#0 C:\xampp\htdocs\teymsas\index.php(42): Router->dispatchRoute('/api/v1/product...', 'GET')
#1 {main}
  thrown in C:\xampp\htdocs\teymsas\app\core\Router.php on line 75
[12-Aug-2024 03:45:37 Europe/Berlin] PHP Fatal error:  Uncaught Error: Class "ProductController" not found in C:\xampp\htdocs\teymsas\app\core\Router.php:75
Stack trace:
#0 C:\xampp\htdocs\teymsas\index.php(42): Router->dispatchRoute('/api/v1/product...', 'GET')
#1 {main}
  thrown in C:\xampp\htdocs\teymsas\app\core\Router.php on line 75
[12-Aug-2024 03:47:10 Europe/Berlin] PHP Fatal error:  Uncaught Error: Class "ProductController" not found in C:\xampp\htdocs\teymsas\app\core\Router.php:75
Stack trace:
#0 C:\xampp\htdocs\teymsas\index.php(42): Router->dispatchRoute('/api/v1/product...', 'GET')
#1 {main}
  thrown in C:\xampp\htdocs\teymsas\app\core\Router.php on line 75
